2023-03-29T10:46:40.985+0800	INFO	handler/web_socket.go:120	建立链接成功
2023-03-29T10:46:59.753+0800	INFO	handler/web_socket.go:125	接受消息--原始消息：1{
    "route_url": "auto_plan_list",
    "param": "{\"page\":1,\"size\":10,\"team_id\":\"da6b32b2-a78c-4068-a80b-a3ba157226a8\",\"plan_name\":\"\",\"start_time_sec\":0,\"end_time_sec\":0,\"task_type\":0,\"status\":0,\"sort\":0}"
}
2023-03-29T10:46:59.753+0800	INFO	handler/web_socket.go:137	接受消息--结构化：{auto_plan_list {"page":1,"size":10,"team_id":"da6b32b2-a78c-4068-a80b-a3ba157226a8","plan_name":"","start_time_sec":0,"end_time_sec":0,"task_type":0,"status":0,"sort":0}}
2023-04-14T14:22:58.935+0800	INFO	handler/web_socket.go:121	建立链接成功
2023-04-14T14:23:08.008+0800	INFO	handler/web_socket.go:126	接受消息--原始消息：1{
	"route_url": "save_global_param",
	"param": "{\"team_id\":\"d8cf8829-1123-457e-b338-5b3657ebf9fd\",\"param_type\":1,\"cookies\":[{\"is_checked\":1,\"key\":\"aaa\",\"value\":\"bbb\"}],\"headers\":[{\"is_checked\":1,\"key\":\"ccc\",\"value\":\"ddd\",\"description\":\"描述\"}],\"variables\":[{\"is_checked\":1,\"key\":\"eee\",\"value\":\"fff\",\"description\":\"描述\"}],\"asserts\":[{\"is_checked\":1,\"response_type\":1,\"var\":\"ggg\",\"compare\":\"等于\",\"val\":\"hhh\"}]}"
}
2023-04-14T14:23:08.009+0800	INFO	handler/web_socket.go:138	接受消息--结构化：{save_global_param {"team_id":"d8cf8829-1123-457e-b338-5b3657ebf9fd","param_type":1,"cookies":[{"is_checked":1,"key":"aaa","value":"bbb"}],"headers":[{"is_checked":1,"key":"ccc","value":"ddd","description":"描述"}],"variables":[{"is_checked":1,"key":"eee","value":"fff","description":"描述"}],"asserts":[{"is_checked":1,"response_type":1,"var":"ggg","compare":"等于","val":"hhh"}]}}
2023-04-14T14:26:12.486+0800	INFO	handler/web_socket.go:121	建立链接成功
2023-04-14T14:26:21.952+0800	INFO	handler/web_socket.go:126	接受消息--原始消息：1{
	"route_url": "save_global_param",
	"param": "{\"team_id\":\"d8cf8829-1123-457e-b338-5b3657ebf9fd\",\"param_type\":1,\"cookies\":[{\"is_checked\":1,\"key\":\"aaa\",\"value\":\"bbb\"}],\"headers\":[{\"is_checked\":1,\"key\":\"ccc\",\"value\":\"ddd\",\"description\":\"描述\"}],\"variables\":[{\"is_checked\":1,\"key\":\"eee\",\"value\":\"fff\",\"description\":\"描述\"}],\"asserts\":[{\"is_checked\":1,\"response_type\":1,\"var\":\"ggg\",\"compare\":\"等于\",\"val\":\"hhh\"}]}"
}
2023-04-14T14:26:21.953+0800	INFO	handler/web_socket.go:138	接受消息--结构化：{save_global_param {"team_id":"d8cf8829-1123-457e-b338-5b3657ebf9fd","param_type":1,"cookies":[{"is_checked":1,"key":"aaa","value":"bbb"}],"headers":[{"is_checked":1,"key":"ccc","value":"ddd","description":"描述"}],"variables":[{"is_checked":1,"key":"eee","value":"fff","description":"描述"}],"asserts":[{"is_checked":1,"response_type":1,"var":"ggg","compare":"等于","val":"hhh"}]}}
2023-04-14T14:26:47.730+0800	INFO	handler/web_socket.go:126	接受消息--原始消息：1{
	"route_url":"save_global_param",
    "param":"{\"team_id\":\"d8cf8829-1123-457e-b338-5b3657ebf9fd\",\"param_type\":1,\"cookies\":[{\"is_checked\":1,\"key\":\"aaa\",\"value\":\"xwz\"}],\"headers\":[{\"is_checked\":1,\"key\":\"ccc\",\"value\":\"ddd\",\"description\":\"描述\"}],\"variables\":[{\"is_checked\":1,\"key\":\"eee\",\"value\":\"fff\",\"description\":\"描述\"}],\"asserts\":[{\"is_checked\":1,\"response_type\":1,\"var\":\"ggg\",\"compare\":\"等于\",\"val\":\"hhh\"}]}"
}
2023-04-14T14:26:47.731+0800	INFO	handler/web_socket.go:138	接受消息--结构化：{save_global_param {"team_id":"d8cf8829-1123-457e-b338-5b3657ebf9fd","param_type":1,"cookies":[{"is_checked":1,"key":"aaa","value":"xwz"}],"headers":[{"is_checked":1,"key":"ccc","value":"ddd","description":"描述"}],"variables":[{"is_checked":1,"key":"eee","value":"fff","description":"描述"}],"asserts":[{"is_checked":1,"response_type":1,"var":"ggg","compare":"等于","val":"hhh"}]}}
2023-04-14T14:32:56.667+0800	INFO	handler/web_socket.go:126	接受消息--原始消息：-1
2023-04-14T14:32:56.669+0800	INFO	handler/web_socket.go:128	接受消息失败：websocket: close 1005 (no status)
2023-04-14T14:58:20.870+0800	INFO	handler/web_socket.go:121	建立链接成功
2023-04-14T14:59:50.530+0800	INFO	handler/web_socket.go:126	接受消息--原始消息：1{
	"route_url":"get_global_param",
    "param":"{\"team_id\":\"d8cf8829-1123-457e-b338-5b3657ebf9fd\"}"
}
2023-04-14T14:59:50.531+0800	INFO	handler/web_socket.go:138	接受消息--结构化：{get_global_param {"team_id":"d8cf8829-1123-457e-b338-5b3657ebf9fd"}}
2023-04-14T15:02:15.726+0800	INFO	handler/web_socket.go:121	建立链接成功
2023-04-14T15:02:23.752+0800	INFO	handler/web_socket.go:126	接受消息--原始消息：1{
	"route_url":"get_global_param",
    "param":"{\"team_id\":\"d8cf8829-1123-457e-b338-5b3657ebf9fd\"}"
}
2023-04-14T15:02:23.753+0800	INFO	handler/web_socket.go:138	接受消息--结构化：{get_global_param {"team_id":"d8cf8829-1123-457e-b338-5b3657ebf9fd"}}
2023-04-14T16:33:53.317+0800	INFO	handler/web_socket.go:121	建立链接成功
2023-04-14T16:34:02.040+0800	INFO	handler/web_socket.go:126	接受消息--原始消息：1{
    "route_url": "save_global_param",
    "param": "{\"team_id\":\"cc95cf99-2ae0-4804-9573-205739b6aa3a\",\"param_type\":2,\"headers\":[{\"is_checked\":1,\"key\":\"name\",\"value\":\"123\",\"description\":\"\"}]}"
}
2023-04-14T16:34:02.041+0800	INFO	handler/web_socket.go:138	接受消息--结构化：{save_global_param {"team_id":"cc95cf99-2ae0-4804-9573-205739b6aa3a","param_type":2,"headers":[{"is_checked":1,"key":"name","value":"123","description":""}]}}
2023-04-14T16:35:21.909+0800	INFO	handler/web_socket.go:121	建立链接成功
2023-04-14T16:35:30.923+0800	INFO	handler/web_socket.go:126	接受消息--原始消息：1{
	"route_url": "save_global_param",
	"param": "{\"team_id\":\"cc95cf99-2ae0-4804-9573-205739b6aa3a\",\"param_type\":2,\"headers\":[{\"is_checked\":1,\"key\":\"name\",\"value\":\"123\",\"description\":\"\"}]}"
}
2023-04-14T16:35:30.924+0800	INFO	handler/web_socket.go:138	接受消息--结构化：{save_global_param {"team_id":"cc95cf99-2ae0-4804-9573-205739b6aa3a","param_type":2,"headers":[{"is_checked":1,"key":"name","value":"123","description":""}]}}
2023-04-14T16:38:33.964+0800	INFO	handler/web_socket.go:121	建立链接成功
2023-04-14T16:38:42.854+0800	INFO	handler/web_socket.go:126	接受消息--原始消息：1{
	"route_url": "save_global_param",
	"param": "{\"team_id\":\"cc95cf99-2ae0-4804-9573-205739b6aa3a\",\"param_type\":2,\"headers\":[{\"is_checked\":1,\"key\":\"name\",\"value\":\"123\",\"description\":\"\"}]}"
}
2023-04-14T16:38:42.855+0800	INFO	handler/web_socket.go:138	接受消息--结构化：{save_global_param {"team_id":"cc95cf99-2ae0-4804-9573-205739b6aa3a","param_type":2,"headers":[{"is_checked":1,"key":"name","value":"123","description":""}]}}
2023-04-14T17:04:49.710+0800	INFO	handler/web_socket.go:121	建立链接成功
2023-04-14T17:05:15.862+0800	INFO	handler/web_socket.go:126	接受消息--原始消息：1{
    "route_url": "save_global_param",
    "param": "{\"team_id\":\"cc95cf99-2ae0-4804-9573-205739b6aa3a\",\"param_type\":2,\"variables\":[{\"is_checked\":1,\"key\":\"name\",\"value\":\"123\",\"description\":\"\"}]}"
}
2023-04-14T17:05:15.864+0800	INFO	handler/web_socket.go:138	接受消息--结构化：{save_global_param {"team_id":"cc95cf99-2ae0-4804-9573-205739b6aa3a","param_type":2,"variables":[{"is_checked":1,"key":"name","value":"123","description":""}]}}
2023-04-14T17:06:10.302+0800	INFO	handler/web_socket.go:122	建立链接成功
2023-04-14T17:06:25.032+0800	INFO	handler/web_socket.go:127	接受消息--原始消息：1{
    "route_url": "save_global_param",
    "param": "{\"team_id\":\"cc95cf99-2ae0-4804-9573-205739b6aa3a\",\"param_type\":2,\"variables\":[{\"is_checked\":1,\"key\":\"name\",\"value\":\"123\",\"description\":\"\"}]}"
}
2023-04-14T17:06:25.034+0800	INFO	handler/web_socket.go:139	接受消息--结构化：{save_global_param {"team_id":"cc95cf99-2ae0-4804-9573-205739b6aa3a","param_type":2,"variables":[{"is_checked":1,"key":"name","value":"123","description":""}]}}
2023-04-14T17:14:46.220+0800	INFO	handler/web_socket.go:123	建立链接成功
2023-04-14T17:14:54.401+0800	INFO	handler/web_socket.go:128	接受消息--原始消息：1{
	"route_url": "save_global_param",
	"param": "{\"team_id\":\"cc95cf99-2ae0-4804-9573-205739b6aa3a\",\"param_type\":2,\"variables\":[{\"is_checked\":1,\"key\":\"name\",\"value\":\"123\",\"description\":\"\"}]}"
}
2023-04-14T17:14:54.401+0800	INFO	handler/web_socket.go:140	接受消息--结构化：{save_global_param {"team_id":"cc95cf99-2ae0-4804-9573-205739b6aa3a","param_type":2,"variables":[{"is_checked":1,"key":"name","value":"123","description":""}]}}
2023-04-14T17:17:20.402+0800	INFO	handler/web_socket.go:122	建立链接成功
2023-04-14T17:17:29.601+0800	INFO	handler/web_socket.go:127	接受消息--原始消息：1{
	"route_url": "save_global_param",
	"param": "{\"team_id\":\"cc95cf99-2ae0-4804-9573-205739b6aa3a\",\"param_type\":2,\"variables\":[{\"is_checked\":1,\"key\":\"name\",\"value\":\"123\",\"description\":\"\"}]}"
}
2023-04-14T17:17:29.603+0800	INFO	handler/web_socket.go:139	接受消息--结构化：{save_global_param {"team_id":"cc95cf99-2ae0-4804-9573-205739b6aa3a","param_type":2,"variables":[{"is_checked":1,"key":"name","value":"123","description":""}]}}
2023-04-14T17:18:40.417+0800	INFO	handler/web_socket.go:123	建立链接成功
2023-04-14T17:18:45.195+0800	INFO	handler/web_socket.go:128	接受消息--原始消息：1{
	"route_url": "save_global_param",
	"param": "{\"team_id\":\"cc95cf99-2ae0-4804-9573-205739b6aa3a\",\"param_type\":2,\"variables\":[{\"is_checked\":1,\"key\":\"name\",\"value\":\"123\",\"description\":\"\"}]}"
}
2023-04-14T17:18:45.196+0800	INFO	handler/web_socket.go:140	接受消息--结构化：{save_global_param {"team_id":"cc95cf99-2ae0-4804-9573-205739b6aa3a","param_type":2,"variables":[{"is_checked":1,"key":"name","value":"123","description":""}]}}
2023-04-14T17:19:51.044+0800	INFO	handler/web_socket.go:123	建立链接成功
2023-04-14T17:20:00.327+0800	INFO	handler/web_socket.go:128	接受消息--原始消息：1{
	"route_url": "save_global_param",
	"param": "{\"team_id\":\"cc95cf99-2ae0-4804-9573-205739b6aa3a\",\"param_type\":2,\"variables\":[{\"is_checked\":1,\"key\":\"name\",\"value\":\"123\",\"description\":\"\"}]}"
}
2023-04-14T17:20:00.328+0800	INFO	handler/web_socket.go:140	接受消息--结构化：{save_global_param {"team_id":"cc95cf99-2ae0-4804-9573-205739b6aa3a","param_type":2,"variables":[{"is_checked":1,"key":"name","value":"123","description":""}]}}
2023-04-14T17:20:51.660+0800	INFO	handler/web_socket.go:128	接受消息--原始消息：1{
	"route_url": "save_global_param",
	"param": "{\"team_id\":\"cc95cf99-2ae0-4804-9573-205739b6aa3a\",\"param_type\":1,\"variables\":[{\"is_checked\":1,\"key\":\"name\",\"value\":\"123\",\"description\":\"\"}]}"
}
2023-04-14T17:20:51.662+0800	INFO	handler/web_socket.go:140	接受消息--结构化：{save_global_param {"team_id":"cc95cf99-2ae0-4804-9573-205739b6aa3a","param_type":1,"variables":[{"is_checked":1,"key":"name","value":"123","description":""}]}}
2023-04-14T17:20:59.523+0800	INFO	handler/web_socket.go:128	接受消息--原始消息：1{
	"route_url": "save_global_param",
	"param": "{\"team_id\":\"cc95cf99-2ae0-4804-9573-205739b6aa3a\",\"param_type\":4,\"variables\":[{\"is_checked\":1,\"key\":\"name\",\"value\":\"123\",\"description\":\"\"}]}"
}
2023-04-14T17:20:59.523+0800	INFO	handler/web_socket.go:140	接受消息--结构化：{save_global_param {"team_id":"cc95cf99-2ae0-4804-9573-205739b6aa3a","param_type":4,"variables":[{"is_checked":1,"key":"name","value":"123","description":""}]}}
2023-04-14T17:21:07.431+0800	INFO	handler/web_socket.go:128	接受消息--原始消息：1{
	"route_url": "save_global_param",
	"param": "{\"team_id\":\"cc95cf99-2ae0-4804-9573-205739b6aa3a\",\"param_type\":3,\"variables\":[{\"is_checked\":1,\"key\":\"name\",\"value\":\"123\",\"description\":\"\"}]}"
}
2023-04-14T17:21:07.432+0800	INFO	handler/web_socket.go:140	接受消息--结构化：{save_global_param {"team_id":"cc95cf99-2ae0-4804-9573-205739b6aa3a","param_type":3,"variables":[{"is_checked":1,"key":"name","value":"123","description":""}]}}
2023-04-14T17:39:49.064+0800	INFO	handler/web_socket.go:123	建立链接成功
2023-04-14T17:40:02.644+0800	INFO	handler/web_socket.go:128	接受消息--原始消息：1{
	"route_url": "save_global_param",
	"param": "{\"team_id\":\"cc95cf99-2ae0-4804-9573-205739b6aa3a\",\"param_type\":3,\"variables\":[{\"is_checked\":1,\"key\":\"name\",\"value\":\"123\",\"description\":\"\"}]}"
}
2023-04-14T17:40:02.645+0800	INFO	handler/web_socket.go:140	接受消息--结构化：{save_global_param {"team_id":"cc95cf99-2ae0-4804-9573-205739b6aa3a","param_type":3,"variables":[{"is_checked":1,"key":"name","value":"123","description":""}]}}
2023-04-14T17:40:55.836+0800	INFO	handler/web_socket.go:128	接受消息--原始消息：1{
	"route_url": "save_global_param",
	"param": "{\"team_id\":\"cc95cf99-2ae0-4804-9573-205739b6aa3a\",\"param_type\":1,\"variables\":[{\"is_checked\":1,\"key\":\"name\",\"value\":\"123\",\"description\":\"\"}]}"
}
2023-04-14T17:40:55.838+0800	INFO	handler/web_socket.go:140	接受消息--结构化：{save_global_param {"team_id":"cc95cf99-2ae0-4804-9573-205739b6aa3a","param_type":1,"variables":[{"is_checked":1,"key":"name","value":"123","description":""}]}}
2023-04-14T17:41:59.907+0800	INFO	handler/web_socket.go:128	接受消息--原始消息：1{
	"route_url": "save_global_param",
	"param": "{\"team_id\":\"cc95cf99-2ae0-4804-9573-205739b6aa3a\",\"param_type\":3,\"variables\":[{\"is_checked\":1,\"key\":\"name\",\"value\":\"123\",\"description\":\"\"},{\"is_checked\":1,\"key\":\"name\",\"value\":\"123\",\"description\":\"\"}]}"
}
2023-04-14T17:41:59.909+0800	INFO	handler/web_socket.go:140	接受消息--结构化：{save_global_param {"team_id":"cc95cf99-2ae0-4804-9573-205739b6aa3a","param_type":3,"variables":[{"is_checked":1,"key":"name","value":"123","description":""},{"is_checked":1,"key":"name","value":"123","description":""}]}}
2023-04-14T17:50:56.974+0800	INFO	handler/web_socket.go:123	建立链接成功
2023-04-14T17:51:00.993+0800	INFO	handler/web_socket.go:128	接受消息--原始消息：1{"route_url":"save_global_param","param":"{\"team_id\":\"d8cf8829-1123-457e-b338-5b3657ebf9fd\",\"param_type\":1,\"cookies\":[{\"is_checked\":1,\"key\":\"aaa\",\"value\":\"xwz\"},{\"is_checked\":1,\"key\":\"bbb\",\"value\":\"111\"}]}"}
2023-04-14T17:51:00.994+0800	INFO	handler/web_socket.go:140	接受消息--结构化：{save_global_param {"team_id":"d8cf8829-1123-457e-b338-5b3657ebf9fd","param_type":1,"cookies":[{"is_checked":1,"key":"aaa","value":"xwz"},{"is_checked":1,"key":"bbb","value":"111"}]}}
2023-04-14T17:52:27.467+0800	INFO	handler/web_socket.go:124	建立链接成功
2023-04-14T17:52:30.501+0800	INFO	handler/web_socket.go:129	接受消息--原始消息：1{"route_url":"save_global_param","param":"{\"team_id\":\"d8cf8829-1123-457e-b338-5b3657ebf9fd\",\"param_type\":1,\"cookies\":[{\"is_checked\":1,\"key\":\"aaa\",\"value\":\"xwz\"},{\"is_checked\":1,\"key\":\"bbb\",\"value\":\"111\"}]}"}
2023-04-14T17:52:30.503+0800	INFO	handler/web_socket.go:141	接受消息--结构化：{save_global_param {"team_id":"d8cf8829-1123-457e-b338-5b3657ebf9fd","param_type":1,"cookies":[{"is_checked":1,"key":"aaa","value":"xwz"},{"is_checked":1,"key":"bbb","value":"111"}]}}
2023-04-14T18:01:10.159+0800	INFO	handler/web_socket.go:124	建立链接成功
2023-04-14T18:01:22.037+0800	INFO	handler/web_socket.go:129	接受消息--原始消息：1{
	"route_url": "save_global_param",
	"param": "{\"team_id\":\"d8cf8829-1123-457e-b338-5b3657ebf9fd\",\"param_type\":1,\"cookies\":[{\"is_checked\":1,\"key\":\"aaa\",\"value\":\"xwz\"},{\"is_checked\":1,\"key\":\"bbb\",\"value\":\"111\"}]}"
}
2023-04-14T18:01:22.037+0800	INFO	handler/web_socket.go:141	接受消息--结构化：{save_global_param {"team_id":"d8cf8829-1123-457e-b338-5b3657ebf9fd","param_type":1,"cookies":[{"is_checked":1,"key":"aaa","value":"xwz"},{"is_checked":1,"key":"bbb","value":"111"}]}}
2023-04-14T18:03:58.588+0800	INFO	handler/web_socket.go:124	建立链接成功
2023-04-14T18:04:04.631+0800	INFO	handler/web_socket.go:129	接受消息--原始消息：1{
	"route_url": "save_global_param",
	"param": "{\"team_id\":\"d8cf8829-1123-457e-b338-5b3657ebf9fd\",\"param_type\":1,\"cookies\":[{\"is_checked\":1,\"key\":\"aaa\",\"value\":\"xwz\"},{\"is_checked\":1,\"key\":\"bbb\",\"value\":\"111\"}]}"
}
2023-04-14T18:04:04.631+0800	INFO	handler/web_socket.go:141	接受消息--结构化：{save_global_param {"team_id":"d8cf8829-1123-457e-b338-5b3657ebf9fd","param_type":1,"cookies":[{"is_checked":1,"key":"aaa","value":"xwz"},{"is_checked":1,"key":"bbb","value":"111"}]}}
2023-04-14T18:05:51.122+0800	INFO	handler/web_socket.go:124	建立链接成功
2023-04-14T18:05:56.757+0800	INFO	handler/web_socket.go:129	接受消息--原始消息：1{
	"route_url": "save_global_param",
	"param": "{\"team_id\":\"d8cf8829-1123-457e-b338-5b3657ebf9fd\",\"param_type\":1,\"cookies\":[{\"is_checked\":1,\"key\":\"aaa\",\"value\":\"xwz\"},{\"is_checked\":1,\"key\":\"bbb\",\"value\":\"111\"}]}"
}
2023-04-14T18:05:56.757+0800	INFO	handler/web_socket.go:141	接受消息--结构化：{save_global_param {"team_id":"d8cf8829-1123-457e-b338-5b3657ebf9fd","param_type":1,"cookies":[{"is_checked":1,"key":"aaa","value":"xwz"},{"is_checked":1,"key":"bbb","value":"111"}]}}
2023-04-14T18:06:43.942+0800	INFO	handler/web_socket.go:129	接受消息--原始消息：1{
	"route_url": "save_global_param",
	"param": "{\"team_id\":\"d8cf8829-1123-457e-b338-5b3657ebf9fd\",\"param_type\":1}"
}
2023-04-14T18:06:43.943+0800	INFO	handler/web_socket.go:141	接受消息--结构化：{save_global_param {"team_id":"d8cf8829-1123-457e-b338-5b3657ebf9fd","param_type":1}}
2023-04-14T18:07:21.417+0800	INFO	handler/web_socket.go:129	接受消息--原始消息：1{
	"route_url": "save_global_param",
	"param": "{\"team_id\":\"d8cf8829-1123-457e-b338-5b3657ebf9fd\",\"param_type\":1,\"cookies\":[{\"is_checked\":1,\"key\":\"aaa\",\"value\":\"xwz\"},{\"is_checked\":1,\"key\":\"bbb\",\"value\":\"111\"}]}"
}
2023-04-14T18:07:21.418+0800	INFO	handler/web_socket.go:141	接受消息--结构化：{save_global_param {"team_id":"d8cf8829-1123-457e-b338-5b3657ebf9fd","param_type":1,"cookies":[{"is_checked":1,"key":"aaa","value":"xwz"},{"is_checked":1,"key":"bbb","value":"111"}]}}
2023-04-21T18:37:32.936+0800	INFO	handler/web_socket.go:122	建立链接成功
2023-04-23T11:18:36.867+0800	INFO	handler/web_socket.go:122	建立链接成功
2023-04-23T11:18:42.060+0800	INFO	handler/web_socket.go:127	接受消息--原始消息：1{"route_url":"stress_report_debug","param":"{\"report_id\":\"df2db429-a964-4fa1-bf5e-c0d90dc8cbd0\",\"team_id\":\"d8cf8829-1123-457e-b338-5b3657ebf9fd\",\"plan_id\":\"\"}"}
2023-04-23T11:18:42.061+0800	INFO	handler/web_socket.go:139	接受消息--结构化：{stress_report_debug {"report_id":"df2db429-a964-4fa1-bf5e-c0d90dc8cbd0","team_id":"d8cf8829-1123-457e-b338-5b3657ebf9fd","plan_id":""}}
2023-04-23T11:18:57.044+0800	INFO	handler/web_socket.go:127	接受消息--原始消息：-1
2023-04-23T11:18:57.044+0800	INFO	handler/web_socket.go:129	接受消息失败：websocket: close 1009 (message too big)
2023-04-23T11:21:23.766+0800	INFO	handler/web_socket.go:122	建立链接成功
2023-04-23T11:21:32.151+0800	INFO	handler/web_socket.go:127	接受消息--原始消息：1{
	"route_url": "stress_report_debug",
	"param": "{\"report_id\":\"df2db429-a964-4fa1-bf5e-c0d90dc8cbd0\",\"team_id\":\"d8cf8829-1123-457e-b338-5b3657ebf9fd\",\"plan_id\":\"\"}"
}
2023-04-23T11:21:32.153+0800	INFO	handler/web_socket.go:139	接受消息--结构化：{stress_report_debug {"report_id":"df2db429-a964-4fa1-bf5e-c0d90dc8cbd0","team_id":"d8cf8829-1123-457e-b338-5b3657ebf9fd","plan_id":""}}
2023-04-23T11:21:52.361+0800	INFO	handler/web_socket.go:122	建立链接成功
2023-04-23T11:22:09.507+0800	INFO	handler/web_socket.go:127	接受消息--原始消息：1{
	"route_url": "stress_report_debug",
	"param": "{\"report_id\":\"df2db429-a964-4fa1-bf5e-c0d90dc8cbd0\",\"team_id\":\"d8cf8829-1123-457e-b338-5b3657ebf9fd\",\"plan_id\":\"\"}"
}
2023-04-23T11:22:09.508+0800	INFO	handler/web_socket.go:139	接受消息--结构化：{stress_report_debug {"report_id":"df2db429-a964-4fa1-bf5e-c0d90dc8cbd0","team_id":"d8cf8829-1123-457e-b338-5b3657ebf9fd","plan_id":""}}
2023-04-23T11:22:22.593+0800	INFO	handler/web_socket.go:127	接受消息--原始消息：-1
2023-04-23T11:22:22.593+0800	INFO	handler/web_socket.go:129	接受消息失败：websocket: close 1009 (message too big)
2023-04-23T11:30:00.455+0800	INFO	handler/web_socket.go:124	建立链接成功
2023-04-23T11:30:08.342+0800	INFO	handler/web_socket.go:129	接受消息--原始消息：1{
	"route_url": "stress_report_debug",
	"param": "{\"report_id\":\"df2db429-a964-4fa1-bf5e-c0d90dc8cbd0\",\"team_id\":\"d8cf8829-1123-457e-b338-5b3657ebf9fd\",\"plan_id\":\"\"}"
}
2023-04-23T11:30:08.343+0800	INFO	handler/web_socket.go:141	接受消息--结构化：{stress_report_debug {"report_id":"df2db429-a964-4fa1-bf5e-c0d90dc8cbd0","team_id":"d8cf8829-1123-457e-b338-5b3657ebf9fd","plan_id":""}}
2023-04-23T11:30:19.632+0800	INFO	handler/web_socket.go:129	接受消息--原始消息：-1
2023-04-23T11:30:19.633+0800	INFO	handler/web_socket.go:131	接受消息失败：websocket: close 1009 (message too big)
2023-04-23T11:30:50.223+0800	INFO	handler/web_socket.go:124	建立链接成功
2023-04-23T11:31:02.456+0800	INFO	handler/web_socket.go:129	接受消息--原始消息：1{
	"route_url": "stress_report_debug",
	"param": "{\"report_id\":\"df2db429-a964-4fa1-bf5e-c0d90dc8cbd0\",\"team_id\":\"d8cf8829-1123-457e-b338-5b3657ebf9fd\",\"plan_id\":\"\"}"
}
2023-04-23T11:31:02.458+0800	INFO	handler/web_socket.go:141	接受消息--结构化：{stress_report_debug {"report_id":"df2db429-a964-4fa1-bf5e-c0d90dc8cbd0","team_id":"d8cf8829-1123-457e-b338-5b3657ebf9fd","plan_id":""}}
2023-04-23T11:31:15.545+0800	INFO	handler/web_socket.go:129	接受消息--原始消息：-1
2023-04-23T11:31:15.545+0800	INFO	handler/web_socket.go:131	接受消息失败：websocket: close 1009 (message too big)
2023-04-23T11:34:00.624+0800	INFO	handler/web_socket.go:124	建立链接成功
2023-04-23T11:34:07.160+0800	INFO	handler/web_socket.go:129	接受消息--原始消息：1{
	"route_url": "stress_report_debug",
	"param": "{\"report_id\":\"df2db429-a964-4fa1-bf5e-c0d90dc8cbd0\",\"team_id\":\"d8cf8829-1123-457e-b338-5b3657ebf9fd\",\"plan_id\":\"\"}"
}
2023-04-23T11:34:07.161+0800	INFO	handler/web_socket.go:141	接受消息--结构化：{stress_report_debug {"report_id":"df2db429-a964-4fa1-bf5e-c0d90dc8cbd0","team_id":"d8cf8829-1123-457e-b338-5b3657ebf9fd","plan_id":""}}
2023-04-23T11:34:35.804+0800	INFO	handler/web_socket.go:124	建立链接成功
2023-04-23T11:34:43.735+0800	INFO	handler/web_socket.go:129	接受消息--原始消息：1{
	"route_url": "stress_report_debug",
	"param": "{\"report_id\":\"df2db429-a964-4fa1-bf5e-c0d90dc8cbd0\",\"team_id\":\"d8cf8829-1123-457e-b338-5b3657ebf9fd\",\"plan_id\":\"\"}"
}
2023-04-23T11:34:43.735+0800	INFO	handler/web_socket.go:141	接受消息--结构化：{stress_report_debug {"report_id":"df2db429-a964-4fa1-bf5e-c0d90dc8cbd0","team_id":"d8cf8829-1123-457e-b338-5b3657ebf9fd","plan_id":""}}
2023-04-23T11:35:00.516+0800	INFO	handler/web_socket.go:129	接受消息--原始消息：-1
2023-04-23T11:35:00.516+0800	INFO	handler/web_socket.go:131	接受消息失败：websocket: close 1009 (message too big)
2023-04-23T11:38:13.550+0800	INFO	handler/web_socket.go:124	建立链接成功
2023-04-23T11:38:20.290+0800	INFO	handler/web_socket.go:129	接受消息--原始消息：1{
	"route_url": "stress_report_debug",
	"param": "{\"report_id\":\"df2db429-a964-4fa1-bf5e-c0d90dc8cbd0\",\"team_id\":\"d8cf8829-1123-457e-b338-5b3657ebf9fd\",\"plan_id\":\"\"}"
}
2023-04-23T11:38:20.292+0800	INFO	handler/web_socket.go:141	接受消息--结构化：{stress_report_debug {"report_id":"df2db429-a964-4fa1-bf5e-c0d90dc8cbd0","team_id":"d8cf8829-1123-457e-b338-5b3657ebf9fd","plan_id":""}}
2023-04-23T11:43:57.683+0800	INFO	handler/web_socket.go:124	建立链接成功
2023-04-23T11:44:07.519+0800	INFO	handler/web_socket.go:129	接受消息--原始消息：1{
	"route_url": "stress_report_debug",
	"param": "{\"report_id\":\"df2db429-a964-4fa1-bf5e-c0d90dc8cbd0\",\"team_id\":\"d8cf8829-1123-457e-b338-5b3657ebf9fd\",\"plan_id\":\"\"}"
}
2023-04-23T11:44:07.521+0800	INFO	handler/web_socket.go:141	接受消息--结构化：{stress_report_debug {"report_id":"df2db429-a964-4fa1-bf5e-c0d90dc8cbd0","team_id":"d8cf8829-1123-457e-b338-5b3657ebf9fd","plan_id":""}}
2023-04-23T11:58:43.479+0800	INFO	handler/web_socket.go:124	建立链接成功
2023-04-23T11:58:50.904+0800	INFO	handler/web_socket.go:129	接受消息--原始消息：1{
	"route_url": "stress_report_debug",
	"param": "{\"report_id\":\"df2db429-a964-4fa1-bf5e-c0d90dc8cbd0\",\"team_id\":\"d8cf8829-1123-457e-b338-5b3657ebf9fd\",\"plan_id\":\"\"}"
}
2023-04-23T11:58:50.905+0800	INFO	handler/web_socket.go:141	接受消息--结构化：{stress_report_debug {"report_id":"df2db429-a964-4fa1-bf5e-c0d90dc8cbd0","team_id":"d8cf8829-1123-457e-b338-5b3657ebf9fd","plan_id":""}}
2023-04-23T12:01:10.735+0800	INFO	handler/web_socket.go:124	建立链接成功
2023-04-23T12:01:18.594+0800	INFO	handler/web_socket.go:129	接受消息--原始消息：1{
	"route_url": "stress_report_debug",
	"param": "{\"report_id\":\"df2db429-a964-4fa1-bf5e-c0d90dc8cbd0\",\"team_id\":\"d8cf8829-1123-457e-b338-5b3657ebf9fd\",\"plan_id\":\"\"}"
}
2023-04-23T12:01:18.596+0800	INFO	handler/web_socket.go:141	接受消息--结构化：{stress_report_debug {"report_id":"df2db429-a964-4fa1-bf5e-c0d90dc8cbd0","team_id":"d8cf8829-1123-457e-b338-5b3657ebf9fd","plan_id":""}}
2023-04-23T12:03:26.558+0800	INFO	handler/web_socket.go:124	建立链接成功
2023-04-23T12:03:29.432+0800	INFO	handler/web_socket.go:129	接受消息--原始消息：1{
	"route_url": "stress_report_debug",
	"param": "{\"report_id\":\"df2db429-a964-4fa1-bf5e-c0d90dc8cbd0\",\"team_id\":\"d8cf8829-1123-457e-b338-5b3657ebf9fd\",\"plan_id\":\"\"}"
}
2023-04-23T12:03:29.432+0800	INFO	handler/web_socket.go:141	接受消息--结构化：{stress_report_debug {"report_id":"df2db429-a964-4fa1-bf5e-c0d90dc8cbd0","team_id":"d8cf8829-1123-457e-b338-5b3657ebf9fd","plan_id":""}}
2023-04-23T14:02:38.479+0800	INFO	handler/web_socket.go:124	建立链接成功
2023-04-23T14:02:44.936+0800	INFO	handler/web_socket.go:129	接受消息--原始消息：1{
	"route_url": "stress_report_debug",
	"param": "{\"report_id\":\"df2db429-a964-4fa1-bf5e-c0d90dc8cbd0\",\"team_id\":\"d8cf8829-1123-457e-b338-5b3657ebf9fd\",\"plan_id\":\"\"}"
}
2023-04-23T14:02:44.937+0800	INFO	handler/web_socket.go:141	接受消息--结构化：{stress_report_debug {"report_id":"df2db429-a964-4fa1-bf5e-c0d90dc8cbd0","team_id":"d8cf8829-1123-457e-b338-5b3657ebf9fd","plan_id":""}}
2023-04-24T14:30:20.854+0800	INFO	handler/web_socket.go:124	建立链接成功
2023-04-24T14:30:33.777+0800	INFO	handler/web_socket.go:129	接受消息--原始消息：1{
  "route_url": "stress_report_task_detail",
  "param": "{\"report_id\":\"922bf810-960c-41e6-980f-bc647049427c\",\"team_id\":\"da6b32b2-a78c-4068-a80b-a3ba157226a8\"}"
}
2023-04-24T14:30:33.777+0800	INFO	handler/web_socket.go:141	接受消息--结构化：{stress_report_task_detail {"report_id":"922bf810-960c-41e6-980f-bc647049427c","team_id":"da6b32b2-a78c-4068-a80b-a3ba157226a8"}}
2023-04-24T14:30:33.839+0800	INFO	report/report.go:275	mongo decode err{error 26 0  mongo: no documents in result}
2023-04-24T14:33:42.365+0800	INFO	handler/web_socket.go:129	接受消息--原始消息：1{
	"route_url": "stress_report_task_detail",
	"param": "{\"report_id\":\"922bf810-960c-41e6-980f-bc647049427c\",\"team_id\":\"da6b32b2-a78c-4068-a80b-a3ba157226a8\"}"
}
2023-04-24T14:33:42.366+0800	INFO	handler/web_socket.go:141	接受消息--结构化：{stress_report_task_detail {"report_id":"922bf810-960c-41e6-980f-bc647049427c","team_id":"da6b32b2-a78c-4068-a80b-a3ba157226a8"}}
2023-04-24T14:33:42.422+0800	INFO	report/report.go:275	mongo decode err{error 26 0  mongo: no documents in result}
